0 info it worked if it ends with ok
1 verbose cli [ '/Users/torjoel/.nvm/versions/node/v6.10.3/bin/node',
1 verbose cli   '/Users/torjoel/.nvm/versions/node/v6.10.3/bin/npm',
1 verbose cli   'start' ]
2 info using npm@3.10.10
3 info using node@v6.10.3
4 verbose run-script [ 'prestart', 'start', 'poststart' ]
5 info lifecycle RGBlock@0.0.1~prestart: RGBlock@0.0.1
6 silly lifecycle RGBlock@0.0.1~prestart: no script for prestart, continuing
7 info lifecycle RGBlock@0.0.1~start: RGBlock@0.0.1
8 verbose lifecycle RGBlock@0.0.1~start: unsafe-perm in lifecycle true
9 verbose lifecycle RGBlock@0.0.1~start: PATH: /Users/torjoel/.nvm/versions/node/v6.10.3/lib/node_modules/npm/bin/node-gyp-bin:/Users/torjoel/games/RGBlock/node_modules/.bin:/Users/torjoel/.nvm/versions/node/v6.10.3/bin:/usr/local/bin:/usr/bin:/bin:/usr/sbin:/sbin
10 verbose lifecycle RGBlock@0.0.1~start: CWD: /Users/torjoel/games/RGBlock
11 silly lifecycle RGBlock@0.0.1~start: Args: [ '-c', 'electron .' ]
12 silly lifecycle RGBlock@0.0.1~start: Returned: code: 1  signal: null
13 info lifecycle RGBlock@0.0.1~start: Failed to exec start script
14 verbose stack Error: RGBlock@0.0.1 start: `electron .`
14 verbose stack Exit status 1
14 verbose stack     at EventEmitter.<anonymous> (/Users/torjoel/.nvm/versions/node/v6.10.3/lib/node_modules/npm/lib/utils/lifecycle.js:255:16)
14 verbose stack     at emitTwo (events.js:106:13)
14 verbose stack     at EventEmitter.emit (events.js:191:7)
14 verbose stack     at ChildProcess.<anonymous> (/Users/torjoel/.nvm/versions/node/v6.10.3/lib/node_modules/npm/lib/utils/spawn.js:40:14)
14 verbose stack     at emitTwo (events.js:106:13)
14 verbose stack     at ChildProcess.emit (events.js:191:7)
14 verbose stack     at maybeClose (internal/child_process.js:886:16)
14 verbose stack     at Process.ChildProcess._handle.onexit (internal/child_process.js:226:5)
15 verbose pkgid RGBlock@0.0.1
16 verbose cwd /Users/torjoel/games/RGBlock
17 error Darwin 15.6.0
18 error argv "/Users/torjoel/.nvm/versions/node/v6.10.3/bin/node" "/Users/torjoel/.nvm/versions/node/v6.10.3/bin/npm" "start"
19 error node v6.10.3
20 error npm  v3.10.10
21 error code ELIFECYCLE
22 error RGBlock@0.0.1 start: `electron .`
22 error Exit status 1
23 error Failed at the RGBlock@0.0.1 start script 'electron .'.
23 error Make sure you have the latest version of node.js and npm installed.
23 error If you do, this is most likely a problem with the RGBlock package,
23 error not with npm itself.
23 error Tell the author that this fails on your system:
23 error     electron .
23 error You can get information on how to open an issue for this project with:
23 error     npm bugs RGBlock
23 error Or if that isn't available, you can get their info via:
23 error     npm owner ls RGBlock
23 error There is likely additional logging output above.
24 verbose exit [ 1, true ]
